TN:
SF:src/utils/createMcqQuestionCore.ts
FN:5,createMcqQuestionCore
FNF:1
FNH:1
FNDA:5,createMcqQuestionCore
DA:1,1
DA:2,1
DA:3,1
DA:4,1
DA:5,1
DA:6,5
DA:7,0
DA:8,0
DA:9,3
DA:10,5
DA:11,2
DA:12,2
DA:13,2
DA:14,2
DA:15,2
DA:16,2
DA:17,2
DA:18,2
DA:19,2
DA:20,2
DA:21,2
DA:22,2
DA:23,5
DA:24,1
DA:25,1
DA:26,4
DA:27,4
DA:28,4
DA:29,4
DA:30,4
DA:31,1
DA:32,1
DA:33,1
DA:34,1
DA:35,1
LF:35
LH:33
BRDA:5,0,0,5
BRDA:6,1,0,3
BRDA:6,2,0,0
BRDA:9,3,0,3
BRDA:10,4,0,2
BRDA:23,5,0,1
BRDA:25,6,0,4
BRF:7
BRH:6
end_of_record
TN:
SF:src/utils/createOrFetchPlayer.ts
FN:4,createOrFetchPlayer
FNF:1
FNH:1
FNDA:12,createOrFetchPlayer
DA:1,1
DA:2,1
DA:3,1
DA:4,1
DA:5,12
DA:6,12
DA:7,12
DA:8,12
DA:9,1
DA:10,1
DA:11,11
DA:12,12
DA:13,3
DA:14,3
DA:15,3
DA:16,3
DA:17,3
DA:18,9
DA:19,8
DA:20,8
DA:21,8
DA:22,8
DA:23,8
DA:24,8
DA:25,11
DA:26,12
DA:27,2
DA:28,2
DA:29,9
DA:30,9
DA:31,9
LF:31
LH:31
BRDA:4,0,0,12
BRDA:8,1,0,4
BRDA:8,2,0,1
BRDA:11,3,0,11
BRDA:12,4,0,9
BRDA:12,5,0,3
BRDA:18,6,0,8
BRDA:25,7,0,11
BRDA:26,8,0,2
BRDA:29,9,0,9
BRF:10
BRH:10
end_of_record
TN:
SF:src/utils/createRoomCore.ts
FN:7,createRoomCore
FNF:1
FNH:1
FNDA:7,createRoomCore
DA:1,1
DA:2,1
DA:3,1
DA:4,1
DA:5,1
DA:6,1
DA:7,1
DA:8,7
DA:9,7
DA:10,7
DA:11,7
DA:12,2
DA:13,2
DA:14,2
DA:15,2
DA:16,5
DA:17,5
DA:18,5
DA:19,5
DA:20,7
DA:21,4
DA:22,4
DA:23,4
DA:24,4
DA:25,4
DA:26,4
DA:27,4
DA:28,4
DA:29,4
DA:30,4
DA:31,4
LF:31
LH:31
BRDA:7,0,0,7
BRDA:10,1,0,5
BRDA:11,2,0,2
BRDA:16,3,0,5
BRDA:20,4,0,4
BRF:5
BRH:5
end_of_record
TN:
SF:src/utils/createToken.ts
FN:2,createToken
FNF:1
FNH:1
FNDA:7,createToken
DA:1,1
DA:2,1
DA:3,7
DA:4,7
LF:4
LH:4
BRDA:2,0,0,7
BRF:1
BRH:1
end_of_record
TN:
SF:src/utils/enterRoomCore.ts
FN:7,enterRoomCore
FNF:1
FNH:1
FNDA:5,enterRoomCore
DA:1,1
DA:2,1
DA:3,1
DA:4,1
DA:5,1
DA:6,1
DA:7,1
DA:8,5
DA:9,4
DA:10,5
DA:11,0
DA:12,0
DA:13,4
DA:14,4
DA:15,4
DA:16,4
DA:17,4
DA:18,4
DA:19,4
DA:20,4
DA:21,4
DA:22,4
DA:23,5
DA:24,0
DA:25,0
DA:26,3
DA:27,3
DA:28,3
DA:29,5
DA:30,2
DA:31,2
DA:32,2
DA:33,2
DA:34,2
DA:35,5
DA:36,1
DA:37,1
DA:38,1
DA:39,2
DA:40,2
DA:41,2
DA:42,2
DA:43,2
DA:44,2
DA:45,2
LF:45
LH:41
BRDA:7,0,0,5
BRDA:8,1,0,4
BRDA:10,2,0,0
BRDA:13,3,0,4
BRDA:23,4,0,0
BRDA:26,5,0,3
BRDA:29,6,0,2
BRDA:35,7,0,1
BRDA:39,8,0,2
BRF:9
BRH:7
end_of_record
TN:
SF:src/utils/fetchRoomData.ts
FN:4,fetchRoomData
FNF:1
FNH:1
FNDA:2,fetchRoomData
DA:1,1
DA:2,1
DA:3,1
DA:4,1
DA:5,2
DA:6,2
DA:7,2
DA:8,2
DA:9,2
DA:10,2
DA:11,2
DA:12,2
DA:13,2
DA:14,0
DA:15,0
DA:16,0
DA:17,0
DA:18,0
DA:19,0
DA:20,0
DA:21,2
DA:22,2
DA:23,0
DA:24,0
DA:25,2
DA:26,2
DA:27,2
DA:28,2
DA:29,2
DA:30,2
DA:31,2
DA:32,2
DA:33,2
DA:34,2
DA:35,2
DA:36,2
DA:37,2
DA:38,2
DA:39,2
DA:40,2
DA:41,2
DA:42,2
DA:43,2
DA:44,2
DA:45,2
DA:46,2
DA:47,2
DA:48,2
DA:49,2
DA:50,2
DA:51,2
DA:52,2
DA:53,2
DA:54,2
DA:55,2
DA:56,0
DA:57,2
DA:58,0
DA:59,0
DA:60,0
DA:61,0
DA:62,2
DA:63,2
DA:64,2
DA:65,2
DA:66,2
DA:67,2
DA:68,2
LF:68
LH:54
BRDA:4,0,0,2
BRDA:13,1,0,0
BRDA:22,2,0,0
BRF:3
BRH:1
end_of_record
TN:
SF:src/utils/generateRoomKey.ts
FN:4,generateRoomKey
FNF:1
FNH:1
FNDA:5,generateRoomKey
DA:1,1
DA:2,1
DA:3,1
DA:4,1
DA:5,5
DA:6,5
DA:7,5
DA:8,5
DA:9,5
DA:10,5
DA:11,35
DA:12,35
DA:13,35
DA:14,5
DA:15,5
LF:15
LH:15
BRDA:4,0,0,5
BRDA:10,1,0,35
BRF:2
BRH:2
end_of_record
TN:
SF:src/utils/verifyHost.ts
FN:4,verifyHost
FNF:1
FNH:1
FNDA:5,verifyHost
DA:1,1
DA:2,1
DA:3,1
DA:4,1
DA:5,5
DA:6,5
DA:7,5
DA:8,5
DA:9,5
DA:10,5
DA:11,5
DA:12,5
DA:13,5
DA:14,5
DA:15,5
DA:16,0
DA:17,0
DA:18,5
DA:19,5
DA:20,2
DA:21,2
DA:22,3
DA:23,3
DA:24,3
DA:25,3
LF:25
LH:23
BRDA:4,0,0,5
BRDA:15,1,0,0
BRDA:19,2,0,2
BRDA:22,3,0,3
BRF:4
BRH:3
end_of_record
